Copyright 1986-2020 Xilinx, Inc. All Rights Reserved.
--------------------------------------------------------------------------------------
| Tool Version : Vivado v.2020.2 (win64) Build 3064766 Wed Nov 18 09:12:45 MST 2020
| Date         : Mon Mar 30 11:30:16 2026
| Host         : DESKTOP-7CFQ9ND running 64-bit major release  (build 9200)
| Command      : report_control_sets -verbose -file rv32i_top_control_sets_placed.rpt
| Design       : rv32i_top
| Device       : xc7a35t
--------------------------------------------------------------------------------------

Control Set Information

Table of Contents
-----------------
1. Summary
2. Histogram
3. Flip-Flop Distribution
4. Detailed Control Set Information

1. Summary
----------

+----------------------------------------------------------+-------+
|                          Status                          | Count |
+----------------------------------------------------------+-------+
| Total control sets                                       |    17 |
|    Minimum number of control sets                        |    17 |
|    Addition due to synthesis replication                 |     0 |
|    Addition due to physical synthesis replication        |     0 |
| Unused register locations in slices containing registers |    15 |
+----------------------------------------------------------+-------+
* Control sets can be merged at opt_design using control_set_merge or merge_equivalent_drivers
** Run report_qor_suggestions for automated merging and remapping suggestions


2. Histogram
------------

+--------------------+-------+
|       Fanout       | Count |
+--------------------+-------+
| Total control sets |    17 |
| >= 0 to < 4        |     2 |
| >= 4 to < 6        |     0 |
| >= 6 to < 8        |     0 |
| >= 8 to < 10       |     1 |
| >= 10 to < 12      |     0 |
| >= 12 to < 14      |     0 |
| >= 14 to < 16      |     0 |
| >= 16              |    14 |
+--------------------+-------+
* Control sets can be remapped at either synth_design or opt_design


3. Flip-Flop Distribution
-------------------------

+--------------+-----------------------+------------------------+-----------------+--------------+
| Clock Enable | Synchronous Set/Reset | Asynchronous Set/Reset | Total Registers | Total Slices |
+--------------+-----------------------+------------------------+-----------------+--------------+
| No           | No                    | No                     |               3 |            1 |
| No           | No                    | Yes                    |             240 |          124 |
| No           | Yes                   | No                     |               0 |            0 |
| Yes          | No                    | No                     |               0 |            0 |
| Yes          | No                    | Yes                    |             222 |           95 |
| Yes          | Yes                   | No                     |               0 |            0 |
+--------------+-----------------------+------------------------+-----------------+--------------+


4. Detailed Control Set Information
-----------------------------------

+-------------------------------------------------+--------------------------------------------------+------------------+------------------+----------------+--------------+
|                   Clock Signal                  |                   Enable Signal                  | Set/Reset Signal | Slice Load Count | Bel Load Count | Bels / Slice |
+-------------------------------------------------+--------------------------------------------------+------------------+------------------+----------------+--------------+
|  U_APB_FND_CNTL/U_CLK_DIV/CLK                   |                                                  | rst_IBUF         |                1 |              2 |         2.00 |
|  U_APB_MASTER/U_ADDR_DEC/slv_num_reg[2]_i_2_n_0 |                                                  |                  |                1 |              3 |         3.00 |
|  clk_IBUF_BUFG                                  | U_APB_MASTER/E[0]                                | rst_IBUF         |                2 |              8 |         4.00 |
|  clk_IBUF_BUFG                                  | U_APB_MASTER/U_ADDR_DEC/gpio_ctl_reg             | rst_IBUF         |               10 |             16 |         1.60 |
|  clk_IBUF_BUFG                                  | U_APB_MASTER/U_ADDR_DEC/gpo_ctl_reg              | rst_IBUF         |                7 |             16 |         2.29 |
|  clk_IBUF_BUFG                                  | U_APB_MASTER/U_ADDR_DEC/paddr_reg[2]_rep__2_0[0] | rst_IBUF         |                4 |             16 |         4.00 |
|  clk_IBUF_BUFG                                  | U_APB_MASTER/U_ADDR_DEC/paddr_reg[2]_rep__0[0]   | rst_IBUF         |               13 |             16 |         1.23 |
|  clk_IBUF_BUFG                                  | U_APB_MASTER/U_ADDR_DEC/paddr_reg[2]_rep__2[0]   | rst_IBUF         |                7 |             16 |         2.29 |
|  clk_IBUF_BUFG                                  | U_APB_MASTER/U_ADDR_DEC/paddr_reg[2]_rep__2_1[0] | rst_IBUF         |               15 |             24 |         1.60 |
|  clk_IBUF_BUFG                                  | U_RV32I/U_CONTROL_UNIT/E[0]                      | rst_IBUF         |               15 |             32 |         2.13 |
|  clk_IBUF_BUFG                                  | U_APB_MASTER/paddr_next                          | rst_IBUF         |               22 |             78 |         3.55 |
|  clk_IBUF_BUFG                                  | U_RV32I/U_CONTROL_UNIT/p_0_in                    |                  |               12 |             96 |         8.00 |
|  clk_IBUF_BUFG                                  | U_APB_MASTER/U_ADDR_DEC/pwrite_reg_2             |                  |               32 |            128 |         4.00 |
|  clk_IBUF_BUFG                                  | U_APB_MASTER/U_ADDR_DEC/pwrite_reg_1             |                  |               32 |            128 |         4.00 |
|  clk_IBUF_BUFG                                  | U_APB_MASTER/U_ADDR_DEC/pwrite_reg               |                  |               32 |            128 |         4.00 |
|  clk_IBUF_BUFG                                  | U_APB_MASTER/U_ADDR_DEC/pwrite_reg_0             |                  |               32 |            128 |         4.00 |
|  clk_IBUF_BUFG                                  |                                                  | rst_IBUF         |              123 |            238 |         1.93 |
+-------------------------------------------------+--------------------------------------------------+------------------+------------------+----------------+--------------+


